<?xml version="1.0" encoding="UTF-8"?>
<!-- Generated by org.testng.reporters.JUnitXMLReporter -->
<testsuite ignored="1" hostname="Atuls-MacBook-Air.local" failures="1" tests="2" name="Error Validation Test" time="5.628" errors="0" timestamp="2025-07-10T21:31:43 IST">
  <testcase classname="adpractice.tests.ErrorValidationsTest" name="LoginErrorValidation" time="0.815">
    <skipped/>
  </testcase> <!-- LoginErrorValidation -->
  <testcase classname="adpractice.tests.ErrorValidationsTest" name="LoginErrorValidation" time="0.765">
    <failure type="java.lang.AssertionError" message="expected:&amp;lt;Incorrect email password.&amp;gt; but was:&amp;lt;Incorrect email or password.&amp;gt;">
      <![CDATA[java.lang.AssertionError: expected:<Incorrect email password.> but was:<Incorrect email or password.>
at adpractice.tests.ErrorValidationsTest.LoginErrorValidation(ErrorValidationsTest.java:24)
at java.base/java.util.ArrayList.forEach(ArrayList.java:1596)
at java.base/java.util.concurrent.FutureTask.run(FutureTask.java:317)
at java.base/java.util.concurrent.ThreadPoolExecutor.runWorker(ThreadPoolExecutor.java:1144)
at java.base/java.util.concurrent.ThreadPoolExecutor$Worker.run(ThreadPoolExecutor.java:642)
at java.base/java.lang.Thread.run(Thread.java:1583)
... Removed 17 stack frames]]>
    </failure>
  </testcase> <!-- LoginErrorValidation -->
  <testcase classname="adpractice.tests.ErrorValidationsTest" name="ProductErrorValidation" time="0.0">
    <ignored/>
  </testcase> <!-- ProductErrorValidation -->
</testsuite> <!-- Error Validation Test -->
