<?xml version="1.0" encoding="UTF-8"?>
<!-- Generated by org.testng.reporters.JUnitXMLReporter -->
<testsuite ignored="0" hostname="Atuls-MacBook-Air.local" failures="0" tests="2" name="Error Validation Test" time="27.321" errors="0" timestamp="2025-07-11T09:57:42 IST">
  <testcase classname="adpractice.tests.ErrorValidationsTest" name="LoginErrorValidation" time="0.853"/>
  <testcase classname="adpractice.tests.ErrorValidationsTest" name="ProductErrorValidation" time="20.45"/>
</testsuite> <!-- Error Validation Test -->
