<?xml version="1.0" encoding="UTF-8"?>
<!-- Generated by org.testng.reporters.JUnitXMLReporter -->
<testsuite ignored="0" hostname="Atuls-MacBook-Air.local" failures="0" tests="3" name="Submit Order Test" time="30.513" errors="0" timestamp="2025-07-11T09:57:45 IST">
  <testcase classname="adpractice.tests.SubmitOrderTest" name="submitOrder" time="11.133"/>
  <testcase classname="adpractice.tests.SubmitOrderTest" name="submitOrder" time="11.085"/>
  <testcase classname="adpractice.tests.SubmitOrderTest" name="orderHistoryTest" time="0.326"/>
</testsuite> <!-- Submit Order Test -->
